Traceback (most recent call last):
  File "C:\Users\Laboratorio\AppData\Local\Programs\Python\Python37\lib\site-packages\jupyter_cache\executors\utils.py", line 64, in single_nb_execution
    **kwargs,
  File "C:\Users\Laboratorio\AppData\Local\Programs\Python\Python37\lib\site-packages\nbclient\client.py", line 1204, in execute
    return NotebookClient(nb=nb, resources=resources, km=km, **kwargs).execute()
  File "C:\Users\Laboratorio\AppData\Local\Programs\Python\Python37\lib\site-packages\nbclient\util.py", line 84, in wrapped
    return just_run(coro(*args, **kwargs))
  File "C:\Users\Laboratorio\AppData\Local\Programs\Python\Python37\lib\site-packages\nbclient\util.py", line 62, in just_run
    return loop.run_until_complete(coro)
  File "C:\Users\Laboratorio\AppData\Local\Programs\Python\Python37\lib\asyncio\base_events.py", line 587, in run_until_complete
    return future.result()
  File "C:\Users\Laboratorio\AppData\Local\Programs\Python\Python37\lib\site-packages\nbclient\client.py", line 664, in async_execute
    cell, index, execution_count=self.code_cells_executed + 1
  File "C:\Users\Laboratorio\AppData\Local\Programs\Python\Python37\lib\site-packages\nbclient\client.py", line 965, in async_execute_cell
    await self._check_raise_for_error(cell, cell_index, exec_reply)
  File "C:\Users\Laboratorio\AppData\Local\Programs\Python\Python37\lib\site-packages\nbclient\client.py", line 862, in _check_raise_for_error
    raise CellExecutionError.from_cell_and_msg(cell, exec_reply_content)
nbclient.exceptions.CellExecutionError: An error occurred while executing the following cell:
------------------
# Bibliotecas que já conhecemos
import pandas as pd             # Trabalho com dados tabulares
import matplotlib.pyplot as plt # Visualização de figuras e manipulação do tamanho e disposição delas
import seaborn as sns           # API sobre o matplotlib, que facilita a criação e customização das figuras
import numpy as np              # Operações numéricas entre vetores, matrizes, etc

# Biblioteca nova, para a geração de modelos de predição
from sklearn.preprocessing   import RobustScaler        # para auxiliar a regressão logística
from sklearn.model_selection import train_test_split    # separação entre base de treino e de teste
from sklearn.linear_model    import LogisticRegression  # segundo modelo que usaremos
------------------

[1;31m---------------------------------------------------------------------------[0m
[1;31mModuleNotFoundError[0m                       Traceback (most recent call last)
[1;32m~\AppData\Local\Temp\ipykernel_26008\3575847007.py[0m in [0;36m<module>[1;34m[0m
[0;32m      1[0m [1;31m# Bibliotecas que já conhecemos[0m[1;33m[0m[1;33m[0m[1;33m[0m[0m
[0;32m      2[0m [1;32mimport[0m [0mpandas[0m [1;32mas[0m [0mpd[0m             [1;31m# Trabalho com dados tabulares[0m[1;33m[0m[1;33m[0m[0m
[1;32m----> 3[1;33m [1;32mimport[0m [0mmatplotlib[0m[1;33m.[0m[0mpyplot[0m [1;32mas[0m [0mplt[0m [1;31m# Visualização de figuras e manipulação do tamanho e disposição delas[0m[1;33m[0m[1;33m[0m[0m
[0m[0;32m      4[0m [1;32mimport[0m [0mseaborn[0m [1;32mas[0m [0msns[0m           [1;31m# API sobre o matplotlib, que facilita a criação e customização das figuras[0m[1;33m[0m[1;33m[0m[0m
[0;32m      5[0m [1;32mimport[0m [0mnumpy[0m [1;32mas[0m [0mnp[0m              [1;31m# Operações numéricas entre vetores, matrizes, etc[0m[1;33m[0m[1;33m[0m[0m

[1;31mModuleNotFoundError[0m: No module named 'matplotlib'
ModuleNotFoundError: No module named 'matplotlib'

